$ expo start --web
Starting project at /app
Starting Metro Bundler
The following packages should be updated for best compatibility with the installed expo version:
  react-native-safe-area-context@5.8.0 - expected version: ~5.6.0
Your project may not work correctly until you install the expected versions of the packages.
Waiting on http://localhost:8081
Logs for your project will appear below.
Web ./index.ts ░░░░░░░░░░░░░░░░  0.0% (0/1)
Web ./index.ts ▓▓▓▓▓▓▓▓▓▓░░░░░░ 62.6% (134/237)
Web ./index.ts ▓▓▓▓▓▓▓▓▓▓▓▓▓▓░░ 91.3% (426/452)
Web Bundled 7402ms index.ts (473 modules)
 LOG  [web] Logs will appear in the browser console
Web ./index.ts ░░░░░░░░░░░░░░░░  0.0% (0/1)
Web Bundled 32ms index.ts (1 module)
 LOG  [web] Logs will appear in the browser console
Web Bundled 32ms index.ts (1 module)
 LOG  [web] Logs will appear in the browser console
Web ./index.ts ░░░░░░░░░░░░░░░░  0.0% (0/1)
Web Bundled 49ms index.ts (1 module)
 LOG  [web] Logs will appear in the browser console
Web Bundled 44ms index.ts (1 module)
 LOG  [web] Logs will appear in the browser console
